c:\users\822\documents\github\graficos-iii\engine - copia\enginelib\debug\vc140.pdb
c:\users\822\documents\github\graficos-iii\engine - copia\enginelib\debug\vc140.idb
c:\users\822\documents\github\graficos-iii\engine - copia\enginelib\debug\importer.obj
c:\users\822\documents\github\graficos-iii\engine - copia\enginelib\debug\input.obj
c:\users\822\documents\github\graficos-iii\engine - copia\enginelib\debug\mesh.obj
c:\users\822\documents\github\graficos-iii\engine - copia\enginelib\debug\nodo.obj
c:\users\822\documents\github\graficos-iii\engine - copia\enginelib\debug\pg1_timer.obj
c:\users\822\documents\github\graficos-iii\engine - copia\enginelib\debug\pg2_indexbuffer.obj
c:\users\822\documents\github\graficos-iii\engine - copia\enginelib\debug\pg2_vertexbuffer.obj
c:\users\822\documents\github\graficos-iii\engine - copia\enginelib\debug\physics.obj
c:\users\822\documents\github\graficos-iii\engine - copia\enginelib\debug\quad.obj
c:\users\822\documents\github\graficos-iii\engine - copia\enginelib\debug\random.obj
c:\users\822\documents\github\graficos-iii\engine - copia\enginelib\debug\renderer.obj
c:\users\822\documents\github\graficos-iii\engine - copia\enginelib\debug\screentext.obj
c:\users\822\documents\github\graficos-iii\engine - copia\enginelib\debug\sound.obj
c:\users\822\documents\github\graficos-iii\engine - copia\enginelib\debug\sprite.obj
c:\users\822\documents\github\graficos-iii\engine - copia\enginelib\debug\tile.obj
c:\users\822\documents\github\graficos-iii\engine - copia\enginelib\debug\tilemap.obj
c:\users\822\documents\github\graficos-iii\engine - copia\enginelib\debug\tinyxml2.obj
c:\users\822\documents\github\graficos-iii\engine - copia\enginelib\debug\vector2.obj
c:\users\822\documents\github\graficos-iii\engine - copia\enginelib\debug\vertexbuffer.obj
c:\users\822\documents\github\graficos-iii\engine - copia\enginelib\debug\window.obj
c:\users\822\documents\github\graficos-iii\engine - copia\enginelib\debug\animation.obj
c:\users\822\documents\github\graficos-iii\engine - copia\enginelib\debug\boundingbox.obj
c:\users\822\documents\github\graficos-iii\engine - copia\enginelib\debug\camera.obj
c:\users\822\documents\github\graficos-iii\engine - copia\enginelib\debug\directinput.obj
c:\users\822\documents\github\graficos-iii\engine - copia\enginelib\debug\engine.obj
c:\users\822\documents\github\graficos-iii\engine - copia\enginelib\debug\entity2d.obj
c:\users\822\documents\github\graficos-iii\engine - copia\enginelib\debug\entity3d.obj
c:\users\822\documents\github\graficos-iii\engine - copia\enginelib\debug\frame.obj
c:\users\822\documents\github\graficos-iii\engine - copia\enginelib\debug\frustum.obj
c:\users\822\documents\github\graficos-iii\engine - copia\enginelib\debug\game.obj
c:\users\822\documents\github\graficos-iii\engine - copia\debug\enginelib.lib
c:\users\822\documents\github\graficos-iii\engine - copia\debug\enginelib.exp
c:\users\822\documents\github\graficos-iii\engine - copia\debug\enginelib.ilk
c:\users\822\documents\github\graficos-iii\engine - copia\debug\enginelib.dll
c:\users\822\documents\github\graficos-iii\engine - copia\debug\enginelib.pdb
c:\users\822\documents\github\graficos-iii\engine - copia\enginelib\debug\enginelib.tlog\cl.command.1.tlog
c:\users\822\documents\github\graficos-iii\engine - copia\enginelib\debug\enginelib.tlog\cl.read.1.tlog
c:\users\822\documents\github\graficos-iii\engine - copia\enginelib\debug\enginelib.tlog\cl.write.1.tlog
c:\users\822\documents\github\graficos-iii\engine - copia\enginelib\debug\enginelib.tlog\enginelib.write.1u.tlog
c:\users\822\documents\github\graficos-iii\engine - copia\enginelib\debug\enginelib.tlog\link.command.1.tlog
c:\users\822\documents\github\graficos-iii\engine - copia\enginelib\debug\enginelib.tlog\link.read.1.tlog
c:\users\822\documents\github\graficos-iii\engine - copia\enginelib\debug\enginelib.tlog\link.write.1.tlog
