  Mesh.cpp
c:\users\822\documents\github\graficos-iii\engine - copia\enginelib\mesh.cpp(172): warning C4018: '<': no coinciden signed/unsigned
c:\users\822\documents\github\graficos-iii\engine - copia\enginelib\mesh.cpp(177): warning C4018: '<': no coinciden signed/unsigned
  Importer.cpp
c:\users\822\documents\github\graficos-iii\engine - copia\enginelib\importer.cpp(39): warning C4244: 'inicializando': conversión de 'double' a 'float'; posible pérdida de datos
c:\users\822\documents\github\graficos-iii\engine - copia\enginelib\importer.cpp(40): warning C4244: 'inicializando': conversión de 'double' a 'float'; posible pérdida de datos
c:\users\822\documents\github\graficos-iii\engine - copia\enginelib\importer.cpp(44): warning C4244: 'inicializando': conversión de 'double' a 'float'; posible pérdida de datos
c:\users\822\documents\github\graficos-iii\engine - copia\enginelib\importer.cpp(45): warning C4244: '=': conversión de 'double' a 'float'; posible pérdida de datos
c:\users\822\documents\github\graficos-iii\engine - copia\enginelib\importer.cpp(46): warning C4244: '=': conversión de 'double' a 'float'; posible pérdida de datos
c:\users\822\documents\github\graficos-iii\engine - copia\enginelib\importer.cpp(50): warning C4244: 'inicializando': conversión de 'double' a 'float'; posible pérdida de datos
c:\users\822\documents\github\graficos-iii\engine - copia\enginelib\importer.cpp(51): warning C4244: 'inicializando': conversión de 'double' a 'float'; posible pérdida de datos
  Game.cpp
  Engine.cpp
  Generando código...
  Compilando...
  input.cpp
  directinput.cpp
  Generando código...
     Creando biblioteca C:\Users\822\Documents\GitHub\Graficos-III\Engine - copia\Debug\EngineLib.lib y objeto C:\Users\822\Documents\GitHub\Graficos-III\Engine - copia\Debug\EngineLib.exp
  EngineLib.vcxproj -> C:\Users\822\Documents\GitHub\Graficos-III\Engine - copia\Debug\EngineLib.dll
  EngineLib.vcxproj -> C:\Users\822\Documents\GitHub\Graficos-III\Engine - copia\Debug\EngineLib.pdb (Full PDB)
